0 info it worked if it ends with ok
1 verbose cli [ '/usr/local/Cellar/node/7.3.0/bin/node',
1 verbose cli   '/usr/local/bin/npm',
1 verbose cli   'run',
1 verbose cli   'test' ]
2 info using npm@4.1.2
3 info using node@v7.3.0
4 verbose run-script [ 'pretest', 'test', 'posttest' ]
5 info lifecycle encounter-api@0.2.2~pretest: encounter-api@0.2.2
6 silly lifecycle encounter-api@0.2.2~pretest: no script for pretest, continuing
7 info lifecycle encounter-api@0.2.2~test: encounter-api@0.2.2
8 verbose lifecycle encounter-api@0.2.2~test: unsafe-perm in lifecycle true
9 verbose lifecycle encounter-api@0.2.2~test: PATH: /usr/local/lib/node_modules/npm/bin/node-gyp-bin:/Users/mitchellgritts/Documents/ndow/enc-db/node_modules/.bin:/usr/local/bin:/Users/mitchellgritts/usr/local/bin:/bin/usr/local/bin:/usr/bin:/bin:/usr/sbin:/sbin:/opt/X11/bin:/usr/local/git/bin:/usr/local/munki:/Library/TeX/texbin
10 verbose lifecycle encounter-api@0.2.2~test: CWD: /Users/mitchellgritts/Documents/ndow/enc-db
11 silly lifecycle encounter-api@0.2.2~test: Args: [ '-c',
11 silly lifecycle   'ENV=test node_modules/.bin/mocha -u exports test/integration/*' ]
12 silly lifecycle encounter-api@0.2.2~test: Returned: code: 3  signal: null
13 info lifecycle encounter-api@0.2.2~test: Failed to exec test script
14 verbose stack Error: encounter-api@0.2.2 test: `ENV=test node_modules/.bin/mocha -u exports test/integration/*`
14 verbose stack Exit status 3
14 verbose stack     at EventEmitter.<anonymous> (/usr/local/lib/node_modules/npm/lib/utils/lifecycle.js:279:16)
14 verbose stack     at emitTwo (events.js:106:13)
14 verbose stack     at EventEmitter.emit (events.js:191:7)
14 verbose stack     at ChildProcess.<anonymous> (/usr/local/lib/node_modules/npm/lib/utils/spawn.js:40:14)
14 verbose stack     at emitTwo (events.js:106:13)
14 verbose stack     at ChildProcess.emit (events.js:191:7)
14 verbose stack     at maybeClose (internal/child_process.js:885:16)
14 verbose stack     at Process.ChildProcess._handle.onexit (internal/child_process.js:226:5)
15 verbose pkgid encounter-api@0.2.2
16 verbose cwd /Users/mitchellgritts/Documents/ndow/enc-db
17 error Darwin 16.4.0
18 error argv "/usr/local/Cellar/node/7.3.0/bin/node" "/usr/local/bin/npm" "run" "test"
19 error node v7.3.0
20 error npm  v4.1.2
21 error code ELIFECYCLE
22 error encounter-api@0.2.2 test: `ENV=test node_modules/.bin/mocha -u exports test/integration/*`
22 error Exit status 3
23 error Failed at the encounter-api@0.2.2 test script 'ENV=test node_modules/.bin/mocha -u exports test/integration/*'.
23 error Make sure you have the latest version of node.js and npm installed.
23 error If you do, this is most likely a problem with the encounter-api package,
23 error not with npm itself.
23 error Tell the author that this fails on your system:
23 error     ENV=test node_modules/.bin/mocha -u exports test/integration/*
23 error You can get information on how to open an issue for this project with:
23 error     npm bugs encounter-api
23 error Or if that isn't available, you can get their info via:
23 error     npm owner ls encounter-api
23 error There is likely additional logging output above.
24 verbose exit [ 1, true ]
